TN:
SF:src\application\index.ts
FNF:0
FNH:0
DA:1,1
DA:2,1
DA:3,1
DA:4,1
DA:5,1
DA:6,1
DA:7,1
DA:8,1
DA:9,1
DA:10,1
DA:11,1
DA:12,1
DA:13,1
DA:14,1
DA:15,1
DA:16,1
DA:17,0
DA:18,0
DA:19,0
DA:20,0
DA:21,0
DA:22,0
DA:23,0
DA:24,0
DA:25,0
DA:26,0
DA:27,0
DA:28,0
DA:29,0
DA:30,1
DA:31,1
DA:32,1
DA:33,1
LF:33
LH:20
BRDA:16,0,0,0
BRF:1
BRH:0
end_of_record
TN:
SF:src\application\useCases\CreateUserUseCase.ts
FN:16,CreateUserUseCase
FN:23,execute
FNF:2
FNH:2
FNDA:3,CreateUserUseCase
FNDA:3,execute
DA:1,1
DA:2,1
DA:3,1
DA:4,1
DA:5,1
DA:6,1
DA:7,1
DA:8,1
DA:9,1
DA:10,1
DA:11,1
DA:12,1
DA:13,1
DA:14,1
DA:15,1
DA:16,1
DA:17,3
DA:18,3
DA:19,3
DA:20,3
DA:21,3
DA:22,1
DA:23,1
DA:24,3
DA:25,3
DA:26,3
DA:27,3
DA:28,3
DA:29,3
DA:30,3
DA:31,3
DA:32,3
DA:33,3
DA:34,3
DA:35,3
DA:36,3
DA:37,3
DA:38,1
DA:39,1
DA:40,2
DA:41,2
DA:42,2
DA:43,2
DA:44,3
DA:45,1
DA:46,1
DA:47,1
DA:48,2
DA:49,2
DA:50,3
DA:51,1
DA:52,1
DA:53,1
DA:54,2
DA:55,2
DA:56,2
DA:57,2
DA:58,2
DA:59,2
DA:60,2
DA:61,2
DA:62,2
DA:63,2
DA:64,3
DA:65,1
DA:66,1
DA:67,1
DA:68,0
DA:69,3
DA:70,3
DA:71,3
DA:72,3
DA:73,3
DA:74,3
DA:75,1
LF:75
LH:74
BRDA:16,0,0,3
BRDA:23,1,0,3
BRDA:36,2,0,2
BRDA:37,3,0,2
BRDA:37,4,0,1
BRDA:40,5,0,2
BRDA:44,6,0,1
BRDA:48,7,0,2
BRDA:50,8,0,1
BRDA:54,9,0,2
BRDA:64,10,0,1
BRDA:68,11,0,0
BRF:12
BRH:11
end_of_record
TN:
SF:src\application\useCases\LoginUseCase.ts
FN:16,LoginUseCase
FN:22,execute
FNF:2
FNH:2
FNDA:3,LoginUseCase
FNDA:3,execute
DA:1,1
DA:2,1
DA:3,1
DA:4,1
DA:5,1
DA:6,1
DA:7,1
DA:8,1
DA:9,1
DA:10,1
DA:11,1
DA:12,1
DA:13,1
DA:14,1
DA:15,1
DA:16,1
DA:17,3
DA:18,3
DA:19,3
DA:20,3
DA:21,1
DA:22,1
DA:23,3
DA:24,3
DA:25,1
DA:26,1
DA:27,2
DA:28,2
DA:29,2
DA:30,3
DA:31,1
DA:32,1
DA:33,1
DA:34,1
DA:35,1
DA:36,1
DA:37,1
DA:38,1
DA:39,1
LF:39
LH:39
BRDA:14,0,0,0
BRDA:16,1,0,3
BRDA:22,2,0,3
BRDA:24,3,0,1
BRDA:27,4,0,2
BRDA:30,5,0,1
BRF:6
BRH:5
end_of_record
TN:
SF:src\communication\controller\CreateUserController.ts
FN:6,CreateUserController
FN:8,handler
FNF:2
FNH:2
FNDA:3,CreateUserController
FNDA:3,handler
DA:1,1
DA:2,1
DA:3,1
DA:4,1
DA:5,1
DA:6,1
DA:7,1
DA:8,1
DA:9,3
DA:10,3
DA:11,3
DA:12,1
LF:12
LH:12
BRDA:6,0,0,3
BRDA:8,1,0,3
BRF:2
BRH:2
end_of_record
TN:
SF:src\communication\controller\LoginController.ts
FN:5,LoginController
FN:7,handler
FNF:2
FNH:2
FNDA:3,LoginController
FNDA:3,handler
DA:1,1
DA:2,1
DA:3,1
DA:4,1
DA:5,1
DA:6,1
DA:7,1
DA:8,3
DA:9,3
DA:10,3
DA:11,1
LF:11
LH:11
BRDA:5,0,0,3
BRDA:7,1,0,3
BRF:2
BRH:2
end_of_record
TN:
SF:src\core\entities\User.ts
FN:4,User
FNF:1
FNH:1
FNDA:3,User
DA:1,1
DA:2,1
DA:3,1
DA:4,1
DA:5,3
DA:6,3
DA:7,3
DA:8,3
DA:9,3
DA:10,3
DA:11,3
DA:12,1
DA:13,1
DA:14,1
DA:15,1
DA:16,1
DA:17,1
DA:18,1
LF:18
LH:18
BRDA:4,0,0,3
BRDA:15,1,0,1
BRF:2
BRH:2
end_of_record
TN:
SF:src\core\messaging\QueueNames.ts
FNF:0
FNH:0
DA:1,1
DA:2,1
DA:3,1
DA:4,1
LF:4
LH:4
BRDA:1,0,0,1
BRF:1
BRH:1
end_of_record
TN:
SF:src\infra\datasource\typeorm\index.ts
FNF:0
FNH:0
DA:1,1
DA:2,1
DA:3,1
DA:4,1
DA:5,1
DA:6,1
DA:7,1
DA:8,1
DA:9,1
DA:10,1
DA:11,1
DA:12,1
DA:13,1
DA:14,1
DA:15,1
DA:16,1
DA:17,1
DA:18,1
DA:19,1
DA:20,1
DA:21,1
DA:22,1
DA:23,1
DA:24,1
DA:25,1
DA:26,1
DA:27,1
DA:28,1
DA:29,1
DA:30,1
DA:31,1
DA:32,1
LF:32
LH:32
BRDA:28,0,0,0
BRF:1
BRH:0
end_of_record
TN:
SF:src\infra\datasource\typeorm\entities\BaseColumnSchemaPart .ts
FNF:0
FNH:0
DA:1,1
DA:2,1
DA:3,1
DA:4,1
DA:5,1
DA:6,1
DA:7,1
DA:8,1
DA:9,1
DA:10,1
DA:11,1
DA:12,1
DA:13,1
DA:14,1
DA:15,1
DA:16,1
DA:17,1
DA:18,1
LF:18
LH:18
BRDA:4,0,0,0
BRF:1
BRH:0
end_of_record
TN:
SF:src\infra\datasource\typeorm\entities\UserEntity.ts
FNF:0
FNH:0
DA:1,1
DA:2,1
DA:3,1
DA:4,1
DA:5,1
DA:6,1
DA:7,1
DA:8,1
DA:9,1
DA:10,1
DA:11,1
DA:12,1
DA:13,1
DA:14,1
DA:15,1
DA:16,1
DA:17,1
DA:18,1
DA:19,1
DA:20,1
DA:21,1
DA:22,1
DA:23,1
DA:24,1
DA:25,1
DA:26,1
DA:27,1
DA:28,1
DA:29,1
DA:30,1
DA:31,1
DA:32,1
DA:33,1
DA:34,1
DA:35,1
DA:36,1
LF:36
LH:36
BRF:0
BRH:0
end_of_record
TN:
SF:src\infra\datasource\typeorm\postgres\UsersRepositoryPostgres.ts
FN:7,UsersRepositoryPostgres
FN:11,create
FN:17,findByEmail
FN:22,findByCpf
FNF:4
FNH:4
FNDA:6,UsersRepositoryPostgres
FNDA:2,create
FNDA:5,findByEmail
FNDA:3,findByCpf
DA:1,1
DA:2,1
DA:3,1
DA:4,1
DA:5,1
DA:6,1
DA:7,1
DA:8,6
DA:9,6
DA:10,1
DA:11,1
DA:12,2
DA:13,2
DA:14,2
DA:15,1
DA:16,1
DA:17,1
DA:18,5
DA:19,5
DA:20,5
DA:21,1
DA:22,1
DA:23,3
DA:24,3
DA:25,3
DA:26,1
DA:27,1
LF:27
LH:27
BRDA:7,0,0,6
BRDA:11,1,0,2
BRDA:17,2,0,5
BRDA:22,3,0,3
BRF:4
BRH:4
end_of_record
TN:
SF:src\infra\messaging\RabbitMQDoctorAdapterOUT.ts
FN:11,RabbitMQDoctorAdapterOUT
FN:16,connect
FN:23,publish
FNF:3
FNH:0
FNDA:0,RabbitMQDoctorAdapterOUT
FNDA:0,connect
FNDA:0,publish
DA:1,1
DA:2,1
DA:3,1
DA:4,1
DA:5,1
DA:6,1
DA:7,1
DA:8,1
DA:9,1
DA:10,1
DA:11,1
DA:12,0
DA:13,0
DA:14,0
DA:15,1
DA:16,1
DA:17,0
DA:18,0
DA:19,0
DA:20,0
DA:21,0
DA:22,1
DA:23,1
DA:24,0
DA:25,0
DA:26,0
DA:27,0
DA:28,0
DA:29,0
DA:30,0
DA:31,0
DA:32,0
DA:33,0
DA:34,0
DA:35,0
DA:36,0
DA:37,0
DA:38,0
DA:39,1
DA:40,1
LF:40
LH:17
BRDA:9,0,0,0
BRF:1
BRH:0
end_of_record
TN:
SF:src\interface\web\api\UsersApi.ts
FN:10,UsersApi
FN:15,create
FN:30,login
FNF:3
FNH:3
FNDA:1,UsersApi
FNDA:3,create
FNDA:3,login
DA:1,1
DA:2,1
DA:3,1
DA:4,1
DA:5,1
DA:6,1
DA:7,1
DA:8,1
DA:9,1
DA:10,1
DA:11,1
DA:12,1
DA:13,1
DA:14,1
DA:15,1
DA:16,3
DA:17,3
DA:18,3
DA:19,3
DA:20,3
DA:21,3
DA:22,2
DA:23,2
DA:24,2
DA:25,3
DA:26,1
DA:27,1
DA:28,3
DA:29,1
DA:30,1
DA:31,3
DA:32,3
DA:33,3
DA:34,3
DA:35,3
DA:36,3
DA:37,1
DA:38,1
DA:39,1
DA:40,3
DA:41,2
DA:42,2
DA:43,3
DA:44,1
LF:44
LH:44
BRDA:10,0,0,1
BRDA:15,1,0,3
BRDA:22,2,0,2
BRDA:25,3,0,1
BRDA:30,4,0,3
BRDA:37,5,0,1
BRDA:40,6,0,2
BRF:7
BRH:7
end_of_record
TN:
SF:src\interface\web\routers\index.ts
FN:7,router
FNF:1
FNH:1
FNDA:1,router
DA:1,1
DA:2,1
DA:3,1
DA:4,1
DA:5,1
DA:6,1
DA:7,1
DA:8,1
DA:9,1
DA:10,1
DA:11,1
DA:12,1
DA:13,1
DA:14,1
DA:15,1
DA:16,1
LF:16
LH:16
BRDA:7,0,0,1
BRF:1
BRH:1
end_of_record
TN:
SF:src\interface\web\routers\users.router.ts
FN:4,usersRouter
FNF:1
FNH:1
FNDA:1,usersRouter
DA:1,1
DA:2,1
DA:3,1
DA:4,1
DA:5,1
DA:6,1
DA:7,1
DA:8,1
DA:9,1
DA:10,1
DA:11,1
LF:11
LH:11
BRDA:4,0,0,1
BRDA:6,1,0,3
BRDA:8,2,0,3
BRF:3
BRH:3
end_of_record
